Info: Starting: Create simulation model
Info: ip-generate --project-directory=D:/work/RADIONIX/KOORDINATOR/ALTERA_13/Controller_ASK2/Nios_cpu/ --output-directory=D:/work/RADIONIX/KOORDINATOR/ALTERA_13/Controller_ASK2/Nios_cpu/cpu_ASK2/simulation/ --file-set=SIM_VERILOG --report-file=sopcinfo:D:/work/RADIONIX/KOORDINATOR/ALTERA_13/Controller_ASK2/Nios_cpu/cpu_ASK2.sopcinfo --report-file=html:D:/work/RADIONIX/KOORDINATOR/ALTERA_13/Controller_ASK2/Nios_cpu/cpu_ASK2.html --report-file=sip:D:/work/RADIONIX/KOORDINATOR/ALTERA_13/Controller_ASK2/Nios_cpu/cpu_ASK2/simulation/cpu_ASK2.sip --report-file=csv:D:/work/RADIONIX/KOORDINATOR/ALTERA_13/Controller_ASK2/Nios_cpu/cpu_ASK2.csv --report-file=spd:D:/work/RADIONIX/KOORDINATOR/ALTERA_13/Controller_ASK2/Nios_cpu/cpu_ASK2.spd --report-file=cmp:D:/work/RADIONIX/KOORDINATOR/ALTERA_13/Controller_ASK2/Nios_cpu/cpu_ASK2.cmp --system-info=DEVICE_FAMILY="Cyclone III" --system-info=DEVICE=EP3C25E144I7 --system-info=DEVICE_SPEEDGRADE=7 --component-file=D:/work/RADIONIX/KOORDINATOR/ALTERA_13/Controller_ASK2/Nios_cpu/cpu_ASK2.qsys
Progress: Loading Nios_cpu/cpu_ASK2.qsys
Progress: Reading input file
Progress: Adding clk_0 [clock_source 13.0]
Progress: Parameterizing module clk_0
Progress: Adding nios2_qsys_0 [altera_nios2_qsys 13.0]
Progress: Parameterizing module nios2_qsys_0
Progress: Adding onchip_memory2_0 [altera_avalon_onchip_memory2 13.0.1]
Progress: Parameterizing module onchip_memory2_0
Progress: Adding jtag_uart_0 [altera_avalon_jtag_uart 13.0.1]
Progress: Parameterizing module jtag_uart_0
Progress: Building connections
Progress: Parameterizing connections
Progress: Validating
Progress: Done reading input file
Info: cpu_ASK2: Generating cpu_ASK2 "cpu_ASK2" for SIM_VERILOG
Info: pipeline_bridge_swap_transform: After transform: 4 modules, 13 connections
Info: No custom instruction connections, skipping transform 
Info: merlin_translator_transform: After transform: 9 modules, 31 connections
Info: merlin_domain_transform: After transform: 18 modules, 83 connections
Info: merlin_router_transform: After transform: 23 modules, 101 connections
Info: merlin_traffic_limiter_transform: After transform: 24 modules, 106 connections
Info: reset_adaptation_transform: After transform: 26 modules, 96 connections
Info: merlin_network_to_switch_transform: After transform: 35 modules, 116 connections
Info: limiter_update_transform: After transform: 35 modules, 117 connections
Info: merlin_mm_transform: After transform: 35 modules, 117 connections
Info: merlin_interrupt_mapper_transform: After transform: 36 modules, 120 connections
Info: nios2_qsys_0: Starting RTL generation for module 'cpu_ASK2_nios2_qsys_0'
Info: nios2_qsys_0:   Generation command is [exec D:/altera/13.0/quartus/../ip/altera/nios2_ip/altera_nios2/eperl.exe -I D:/altera/13.0/quartus/common/ip/altera/common/perl/5.8.3 -I D:/altera/13.0/quartus/sopc_builder/bin/europa -I D:/altera/13.0/quartus/sopc_builder/bin/perl_lib -I D:/altera/13.0/quartus/sopc_builder/bin -I D:/altera/13.0/quartus/../ip/altera/nios2_ip/altera_nios2/cpu_lib -I D:/altera/13.0/quartus/../ip/altera/nios2_ip/altera_nios2/nios_lib -I D:/altera/13.0/quartus/../ip/altera/nios2_ip/altera_nios2 -I D:/altera/13.0/quartus/../ip/altera/nios2_ip/altera_nios2 -- D:/altera/13.0/quartus/../ip/altera/nios2_ip/altera_nios2/generate_rtl.epl --name=cpu_ASK2_nios2_qsys_0 --dir=C:/Users/ILNITS~1/AppData/Local/Temp/alt7641_2135107247983902127.dir/0044_nios2_qsys_0_gen/ --quartus_dir=D:/altera/13.0/quartus --verilog --config=C:/Users/ILNITS~1/AppData/Local/Temp/alt7641_2135107247983902127.dir/0044_nios2_qsys_0_gen//cpu_ASK2_nios2_qsys_0_processor_configuration.pl  --do_build_sim=1    --sim_dir=C:/Users/ILNITS~1/AppData/Local/Temp/alt7641_2135107247983902127.dir/0044_nios2_qsys_0_gen/    --bogus  ]
Info: nios2_qsys_0: # 2018.04.20 16:31:15 (*) Starting Nios II generation
Info: nios2_qsys_0: # 2018.04.20 16:31:15 (*)   Checking for plaintext license.
Info: nios2_qsys_0: # 2018.04.20 16:31:15 (*)   Plaintext license not found.
Info: nios2_qsys_0: # 2018.04.20 16:31:15 (*)   Checking for encrypted license (non-evaluation).
Info: nios2_qsys_0: # 2018.04.20 16:31:15 (*)   Encrypted license found.  SOF will not be time-limited.
Info: nios2_qsys_0: # 2018.04.20 16:31:15 (*)   Elaborating CPU configuration settings
Info: nios2_qsys_0: # 2018.04.20 16:31:15 (*)   Creating all objects for CPU
Info: nios2_qsys_0: # 2018.04.20 16:31:16 (*)     Pipeline frontend
Info: nios2_qsys_0: # 2018.04.20 16:31:17 (*)   Creating 'C:/Users/ILNITS~1/AppData/Local/Temp/alt7641_2135107247983902127.dir/0044_nios2_qsys_0_gen//cpu_ASK2_nios2_qsys_0_nios2_waves.do'
Info: nios2_qsys_0: # 2018.04.20 16:31:17 (*)   Generating RTL from CPU objects
Info: nios2_qsys_0: # 2018.04.20 16:31:20 (*)   Creating encrypted RTL
Info: nios2_qsys_0: # 2018.04.20 16:31:21 (*)   Creating IP functional simulation model
Info: nios2_qsys_0: # 2018.04.20 16:31:25 (*) Done Nios II generation
Info: nios2_qsys_0: Done RTL generation for module 'cpu_ASK2_nios2_qsys_0'
Info: nios2_qsys_0: "cpu_ASK2" instantiated altera_nios2_qsys "nios2_qsys_0"
Info: onchip_memory2_0: Starting RTL generation for module 'cpu_ASK2_onchip_memory2_0'
Info: onchip_memory2_0:   Generation command is [exec D:/altera/13.0/quartus/bin/perl/bin/perl.exe -I D:/altera/13.0/quartus/common/ip/altera/common/perl/5.8.3 -I D:/altera/13.0/quartus/sopc_builder/bin/europa -I D:/altera/13.0/quartus/sopc_builder/bin/perl_lib -I D:/altera/13.0/quartus/sopc_builder/bin -I D:/altera/13.0/quartus/../ip/altera/sopc_builder_ip/common -I D:/altera/13.0/quartus/../ip/altera/sopc_builder_ip/altera_avalon_onchip_memory2 -- D:/altera/13.0/quartus/../ip/altera/sopc_builder_ip/altera_avalon_onchip_memory2/generate_rtl.pl --name=cpu_ASK2_onchip_memory2_0 --dir=C:/Users/ILNITS~1/AppData/Local/Temp/alt7641_2135107247983902127.dir/0045_onchip_memory2_0_gen/ --quartus_dir=D:/altera/13.0/quartus --verilog --config=C:/Users/ILNITS~1/AppData/Local/Temp/alt7641_2135107247983902127.dir/0045_onchip_memory2_0_gen//cpu_ASK2_onchip_memory2_0_component_configuration.pl  --do_build_sim=1    --sim_dir=C:/Users/ILNITS~1/AppData/Local/Temp/alt7641_2135107247983902127.dir/0045_onchip_memory2_0_gen/  ]
Info: onchip_memory2_0: Done RTL generation for module 'cpu_ASK2_onchip_memory2_0'
Info: onchip_memory2_0: "cpu_ASK2" instantiated altera_avalon_onchip_memory2 "onchip_memory2_0"
Info: jtag_uart_0: Starting RTL generation for module 'cpu_ASK2_jtag_uart_0'
Info: jtag_uart_0:   Generation command is [exec D:/altera/13.0/quartus/bin/perl/bin/perl.exe -I D:/altera/13.0/quartus/common/ip/altera/common/perl/5.8.3 -I D:/altera/13.0/quartus/sopc_builder/bin/europa -I D:/altera/13.0/quartus/sopc_builder/bin/perl_lib -I D:/altera/13.0/quartus/sopc_builder/bin -I D:/altera/13.0/quartus/../ip/altera/sopc_builder_ip/common -I D:/altera/13.0/quartus/../ip/altera/sopc_builder_ip/altera_avalon_jtag_uart -- D:/altera/13.0/quartus/../ip/altera/sopc_builder_ip/altera_avalon_jtag_uart/generate_rtl.pl --name=cpu_ASK2_jtag_uart_0 --dir=C:/Users/ILNITS~1/AppData/Local/Temp/alt7641_2135107247983902127.dir/0046_jtag_uart_0_gen/ --quartus_dir=D:/altera/13.0/quartus --verilog --config=C:/Users/ILNITS~1/AppData/Local/Temp/alt7641_2135107247983902127.dir/0046_jtag_uart_0_gen//cpu_ASK2_jtag_uart_0_component_configuration.pl  --do_build_sim=1    --sim_dir=C:/Users/ILNITS~1/AppData/Local/Temp/alt7641_2135107247983902127.dir/0046_jtag_uart_0_gen/  ]
Info: jtag_uart_0: Done RTL generation for module 'cpu_ASK2_jtag_uart_0'
Info: jtag_uart_0: "cpu_ASK2" instantiated altera_avalon_jtag_uart "jtag_uart_0"
Info: nios2_qsys_0_instruction_master_translator: "cpu_ASK2" instantiated altera_merlin_master_translator "nios2_qsys_0_instruction_master_translator"
Info: nios2_qsys_0_jtag_debug_module_translator: "cpu_ASK2" instantiated altera_merlin_slave_translator "nios2_qsys_0_jtag_debug_module_translator"
Info: nios2_qsys_0_instruction_master_translator_avalon_universal_master_0_agent: "cpu_ASK2" instantiated altera_merlin_master_agent "nios2_qsys_0_instruction_master_translator_avalon_universal_master_0_agent"
Info: nios2_qsys_0_jtag_debug_module_translator_avalon_universal_slave_0_agent: "cpu_ASK2" instantiated altera_merlin_slave_agent "nios2_qsys_0_jtag_debug_module_translator_avalon_universal_slave_0_agent"
Info: nios2_qsys_0_jtag_debug_module_translator_avalon_universal_slave_0_agent_rsp_fifo: "cpu_ASK2" instantiated altera_avalon_sc_fifo "nios2_qsys_0_jtag_debug_module_translator_avalon_universal_slave_0_agent_rsp_fifo"
Info: addr_router: "cpu_ASK2" instantiated altera_merlin_router "addr_router"
Info: addr_router_001: "cpu_ASK2" instantiated altera_merlin_router "addr_router_001"
Info: id_router: "cpu_ASK2" instantiated altera_merlin_router "id_router"
Info: id_router_002: "cpu_ASK2" instantiated altera_merlin_router "id_router_002"
Info: limiter: "cpu_ASK2" instantiated altera_merlin_traffic_limiter "limiter"
Info: rst_controller: "cpu_ASK2" instantiated altera_reset_controller "rst_controller"
Info: cmd_xbar_demux: "cpu_ASK2" instantiated altera_merlin_demultiplexer "cmd_xbar_demux"
Info: cmd_xbar_demux_001: "cpu_ASK2" instantiated altera_merlin_demultiplexer "cmd_xbar_demux_001"
Info: cmd_xbar_mux: "cpu_ASK2" instantiated altera_merlin_multiplexer "cmd_xbar_mux"
Info: rsp_xbar_demux: "cpu_ASK2" instantiated altera_merlin_demultiplexer "rsp_xbar_demux"
Info: rsp_xbar_demux_002: "cpu_ASK2" instantiated altera_merlin_demultiplexer "rsp_xbar_demux_002"
Info: rsp_xbar_mux: "cpu_ASK2" instantiated altera_merlin_multiplexer "rsp_xbar_mux"
Info: Reusing file D:/work/RADIONIX/KOORDINATOR/ALTERA_13/Controller_ASK2/Nios_cpu/cpu_ASK2/simulation/submodules/altera_merlin_arbitrator.sv
Info: rsp_xbar_mux_001: "cpu_ASK2" instantiated altera_merlin_multiplexer "rsp_xbar_mux_001"
Info: Reusing file D:/work/RADIONIX/KOORDINATOR/ALTERA_13/Controller_ASK2/Nios_cpu/cpu_ASK2/simulation/submodules/altera_merlin_arbitrator.sv
Info: irq_mapper: "cpu_ASK2" instantiated altera_irq_mapper "irq_mapper"
Info: cpu_ASK2: Done cpu_ASK2" with 23 modules, 67 files, 1248653 bytes
Info: ip-generate succeeded.
Info: Finished: Create simulation model
Info: Starting: Create Modelsim Project.
Info: sim-script-gen --spd=D:/work/RADIONIX/KOORDINATOR/ALTERA_13/Controller_ASK2/Nios_cpu/cpu_ASK2.spd --output-directory=D:/work/RADIONIX/KOORDINATOR/ALTERA_13/Controller_ASK2/Nios_cpu/cpu_ASK2/simulation/
Info: Doing: ip-make-simscript --spd=D:/work/RADIONIX/KOORDINATOR/ALTERA_13/Controller_ASK2/Nios_cpu/cpu_ASK2.spd --output-directory=D:/work/RADIONIX/KOORDINATOR/ALTERA_13/Controller_ASK2/Nios_cpu/cpu_ASK2/simulation/
Info: Generating the following file(s) for MODELSIM simulator in D:/work/RADIONIX/KOORDINATOR/ALTERA_13/Controller_ASK2/Nios_cpu/cpu_ASK2/simulation/ directory:
Info: 	mentor/msim_setup.tcl
Info: Generating the following file(s) for VCS simulator in D:/work/RADIONIX/KOORDINATOR/ALTERA_13/Controller_ASK2/Nios_cpu/cpu_ASK2/simulation/ directory:
Info: 	synopsys/vcs/vcs_setup.sh
Info: Generating the following file(s) for VCSMX simulator in D:/work/RADIONIX/KOORDINATOR/ALTERA_13/Controller_ASK2/Nios_cpu/cpu_ASK2/simulation/ directory:
Info: 	synopsys/vcsmx/synopsys_sim.setup
Info: 	synopsys/vcsmx/vcsmx_setup.sh
Info: Generating the following file(s) for NCSIM simulator in D:/work/RADIONIX/KOORDINATOR/ALTERA_13/Controller_ASK2/Nios_cpu/cpu_ASK2/simulation/ directory:
Info: 	cadence/cds.lib
Info: 	cadence/hdl.var
Info: 	cadence/ncsim_setup.sh
Info: 	22 .cds.lib files in cadence/cds_libs/ directory
Info: Generating the following file(s) for RIVIERAPRO simulator in D:/work/RADIONIX/KOORDINATOR/ALTERA_13/Controller_ASK2/Nios_cpu/cpu_ASK2/simulation/ directory:
Info: 	aldec/rivierapro_setup.tcl
Info: Finished: Create Modelsim Project.
Info: Starting: Create block symbol file (.bsf)
Info: ip-generate --project-directory=D:/work/RADIONIX/KOORDINATOR/ALTERA_13/Controller_ASK2/Nios_cpu/ --output-directory=D:/work/RADIONIX/KOORDINATOR/ALTERA_13/Controller_ASK2/Nios_cpu/cpu_ASK2/ --report-file=bsf:D:/work/RADIONIX/KOORDINATOR/ALTERA_13/Controller_ASK2/Nios_cpu/cpu_ASK2.bsf --system-info=DEVICE_FAMILY="Cyclone III" --system-info=DEVICE=EP3C25E144I7 --system-info=DEVICE_SPEEDGRADE=7 --component-file=D:/work/RADIONIX/KOORDINATOR/ALTERA_13/Controller_ASK2/Nios_cpu/cpu_ASK2.qsys
Progress: Loading Nios_cpu/cpu_ASK2.qsys
Progress: Reading input file
Progress: Adding clk_0 [clock_source 13.0]
Progress: Parameterizing module clk_0
Progress: Adding nios2_qsys_0 [altera_nios2_qsys 13.0]
Progress: Parameterizing module nios2_qsys_0
Progress: Adding onchip_memory2_0 [altera_avalon_onchip_memory2 13.0.1]
Progress: Parameterizing module onchip_memory2_0
Progress: Adding jtag_uart_0 [altera_avalon_jtag_uart 13.0.1]
Progress: Parameterizing module jtag_uart_0
Progress: Building connections
Progress: Parameterizing connections
Progress: Validating
Progress: Done reading input file
Info: ip-generate succeeded.
Info: Finished: Create block symbol file (.bsf)
Info: 
Info: Starting: Create HDL design files for synthesis
Info: ip-generate --project-directory=D:/work/RADIONIX/KOORDINATOR/ALTERA_13/Controller_ASK2/Nios_cpu/ --output-directory=D:/work/RADIONIX/KOORDINATOR/ALTERA_13/Controller_ASK2/Nios_cpu/cpu_ASK2/synthesis/ --file-set=QUARTUS_SYNTH --report-file=sopcinfo:D:/work/RADIONIX/KOORDINATOR/ALTERA_13/Controller_ASK2/Nios_cpu/cpu_ASK2.sopcinfo --report-file=html:D:/work/RADIONIX/KOORDINATOR/ALTERA_13/Controller_ASK2/Nios_cpu/cpu_ASK2.html --report-file=qip:D:/work/RADIONIX/KOORDINATOR/ALTERA_13/Controller_ASK2/Nios_cpu/cpu_ASK2/synthesis/cpu_ASK2.qip --report-file=cmp:D:/work/RADIONIX/KOORDINATOR/ALTERA_13/Controller_ASK2/Nios_cpu/cpu_ASK2.cmp --system-info=DEVICE_FAMILY="Cyclone III" --system-info=DEVICE=EP3C25E144I7 --system-info=DEVICE_SPEEDGRADE=7 --component-file=D:/work/RADIONIX/KOORDINATOR/ALTERA_13/Controller_ASK2/Nios_cpu/cpu_ASK2.qsys --language=VERILOG
Progress: Loading Nios_cpu/cpu_ASK2.qsys
Progress: Reading input file
Progress: Adding clk_0 [clock_source 13.0]
Progress: Parameterizing module clk_0
Progress: Adding nios2_qsys_0 [altera_nios2_qsys 13.0]
Progress: Parameterizing module nios2_qsys_0
Progress: Adding onchip_memory2_0 [altera_avalon_onchip_memory2 13.0.1]
Progress: Parameterizing module onchip_memory2_0
Progress: Adding jtag_uart_0 [altera_avalon_jtag_uart 13.0.1]
Progress: Parameterizing module jtag_uart_0
Progress: Building connections
Progress: Parameterizing connections
Progress: Validating
Progress: Done reading input file
Info: cpu_ASK2: Generating cpu_ASK2 "cpu_ASK2" for QUARTUS_SYNTH
Info: pipeline_bridge_swap_transform: After transform: 4 modules, 13 connections
Info: No custom instruction connections, skipping transform 
Info: merlin_translator_transform: After transform: 9 modules, 31 connections
Info: merlin_domain_transform: After transform: 18 modules, 83 connections
Info: merlin_router_transform: After transform: 23 modules, 101 connections
Info: merlin_traffic_limiter_transform: After transform: 24 modules, 106 connections
Info: reset_adaptation_transform: After transform: 26 modules, 96 connections
Info: merlin_network_to_switch_transform: After transform: 35 modules, 116 connections
Info: limiter_update_transform: After transform: 35 modules, 117 connections
Info: merlin_mm_transform: After transform: 35 modules, 117 connections
Info: merlin_interrupt_mapper_transform: After transform: 36 modules, 120 connections
Info: nios2_qsys_0: Starting RTL generation for module 'cpu_ASK2_nios2_qsys_0'
Info: nios2_qsys_0:   Generation command is [exec D:/altera/13.0/quartus/../ip/altera/nios2_ip/altera_nios2/eperl.exe -I D:/altera/13.0/quartus/common/ip/altera/common/perl/5.8.3 -I D:/altera/13.0/quartus/sopc_builder/bin/europa -I D:/altera/13.0/quartus/sopc_builder/bin/perl_lib -I D:/altera/13.0/quartus/sopc_builder/bin -I D:/altera/13.0/quartus/../ip/altera/nios2_ip/altera_nios2/cpu_lib -I D:/altera/13.0/quartus/../ip/altera/nios2_ip/altera_nios2/nios_lib -I D:/altera/13.0/quartus/../ip/altera/nios2_ip/altera_nios2 -I D:/altera/13.0/quartus/../ip/altera/nios2_ip/altera_nios2 -- D:/altera/13.0/quartus/../ip/altera/nios2_ip/altera_nios2/generate_rtl.epl --name=cpu_ASK2_nios2_qsys_0 --dir=C:/Users/ILNITS~1/AppData/Local/Temp/alt7641_2135107247983902127.dir/0066_nios2_qsys_0_gen/ --quartus_dir=D:/altera/13.0/quartus --verilog --config=C:/Users/ILNITS~1/AppData/Local/Temp/alt7641_2135107247983902127.dir/0066_nios2_qsys_0_gen//cpu_ASK2_nios2_qsys_0_processor_configuration.pl  --do_build_sim=0    --bogus  ]
Info: nios2_qsys_0: # 2018.04.20 16:31:28 (*) Starting Nios II generation
Info: nios2_qsys_0: # 2018.04.20 16:31:28 (*)   Checking for plaintext license.
Info: nios2_qsys_0: # 2018.04.20 16:31:29 (*)   Plaintext license not found.
Info: nios2_qsys_0: # 2018.04.20 16:31:29 (*)   Checking for encrypted license (non-evaluation).
Info: nios2_qsys_0: # 2018.04.20 16:31:29 (*)   Encrypted license found.  SOF will not be time-limited.
Info: nios2_qsys_0: # 2018.04.20 16:31:29 (*)   Elaborating CPU configuration settings
Info: nios2_qsys_0: # 2018.04.20 16:31:29 (*)   Creating all objects for CPU
Info: nios2_qsys_0: # 2018.04.20 16:31:30 (*)     Pipeline frontend
Info: nios2_qsys_0: # 2018.04.20 16:31:31 (*)   Generating RTL from CPU objects
Info: nios2_qsys_0: # 2018.04.20 16:31:34 (*)   Creating encrypted RTL
Info: nios2_qsys_0: # 2018.04.20 16:31:35 (*) Done Nios II generation
Info: nios2_qsys_0: Done RTL generation for module 'cpu_ASK2_nios2_qsys_0'
Info: nios2_qsys_0: "cpu_ASK2" instantiated altera_nios2_qsys "nios2_qsys_0"
Info: onchip_memory2_0: Starting RTL generation for module 'cpu_ASK2_onchip_memory2_0'
Info: onchip_memory2_0:   Generation command is [exec D:/altera/13.0/quartus/bin/perl/bin/perl.exe -I D:/altera/13.0/quartus/common/ip/altera/common/perl/5.8.3 -I D:/altera/13.0/quartus/sopc_builder/bin/europa -I D:/altera/13.0/quartus/sopc_builder/bin/perl_lib -I D:/altera/13.0/quartus/sopc_builder/bin -I D:/altera/13.0/quartus/../ip/altera/sopc_builder_ip/common -I D:/altera/13.0/quartus/../ip/altera/sopc_builder_ip/altera_avalon_onchip_memory2 -- D:/altera/13.0/quartus/../ip/altera/sopc_builder_ip/altera_avalon_onchip_memory2/generate_rtl.pl --name=cpu_ASK2_onchip_memory2_0 --dir=C:/Users/ILNITS~1/AppData/Local/Temp/alt7641_2135107247983902127.dir/0067_onchip_memory2_0_gen/ --quartus_dir=D:/altera/13.0/quartus --verilog --config=C:/Users/ILNITS~1/AppData/Local/Temp/alt7641_2135107247983902127.dir/0067_onchip_memory2_0_gen//cpu_ASK2_onchip_memory2_0_component_configuration.pl  --do_build_sim=0  ]
Info: onchip_memory2_0: Done RTL generation for module 'cpu_ASK2_onchip_memory2_0'
Info: onchip_memory2_0: "cpu_ASK2" instantiated altera_avalon_onchip_memory2 "onchip_memory2_0"
Info: jtag_uart_0: Starting RTL generation for module 'cpu_ASK2_jtag_uart_0'
Info: jtag_uart_0:   Generation command is [exec D:/altera/13.0/quartus/bin/perl/bin/perl.exe -I D:/altera/13.0/quartus/common/ip/altera/common/perl/5.8.3 -I D:/altera/13.0/quartus/sopc_builder/bin/europa -I D:/altera/13.0/quartus/sopc_builder/bin/perl_lib -I D:/altera/13.0/quartus/sopc_builder/bin -I D:/altera/13.0/quartus/../ip/altera/sopc_builder_ip/common -I D:/altera/13.0/quartus/../ip/altera/sopc_builder_ip/altera_avalon_jtag_uart -- D:/altera/13.0/quartus/../ip/altera/sopc_builder_ip/altera_avalon_jtag_uart/generate_rtl.pl --name=cpu_ASK2_jtag_uart_0 --dir=C:/Users/ILNITS~1/AppData/Local/Temp/alt7641_2135107247983902127.dir/0068_jtag_uart_0_gen/ --quartus_dir=D:/altera/13.0/quartus --verilog --config=C:/Users/ILNITS~1/AppData/Local/Temp/alt7641_2135107247983902127.dir/0068_jtag_uart_0_gen//cpu_ASK2_jtag_uart_0_component_configuration.pl  --do_build_sim=0  ]
Info: jtag_uart_0: Done RTL generation for module 'cpu_ASK2_jtag_uart_0'
Info: jtag_uart_0: "cpu_ASK2" instantiated altera_avalon_jtag_uart "jtag_uart_0"
Info: nios2_qsys_0_instruction_master_translator: "cpu_ASK2" instantiated altera_merlin_master_translator "nios2_qsys_0_instruction_master_translator"
Info: nios2_qsys_0_jtag_debug_module_translator: "cpu_ASK2" instantiated altera_merlin_slave_translator "nios2_qsys_0_jtag_debug_module_translator"
Info: nios2_qsys_0_instruction_master_translator_avalon_universal_master_0_agent: "cpu_ASK2" instantiated altera_merlin_master_agent "nios2_qsys_0_instruction_master_translator_avalon_universal_master_0_agent"
Info: nios2_qsys_0_jtag_debug_module_translator_avalon_universal_slave_0_agent: "cpu_ASK2" instantiated altera_merlin_slave_agent "nios2_qsys_0_jtag_debug_module_translator_avalon_universal_slave_0_agent"
Info: nios2_qsys_0_jtag_debug_module_translator_avalon_universal_slave_0_agent_rsp_fifo: "cpu_ASK2" instantiated altera_avalon_sc_fifo "nios2_qsys_0_jtag_debug_module_translator_avalon_universal_slave_0_agent_rsp_fifo"
Info: addr_router: "cpu_ASK2" instantiated altera_merlin_router "addr_router"
Info: addr_router_001: "cpu_ASK2" instantiated altera_merlin_router "addr_router_001"
Info: id_router: "cpu_ASK2" instantiated altera_merlin_router "id_router"
Info: id_router_002: "cpu_ASK2" instantiated altera_merlin_router "id_router_002"
Info: limiter: "cpu_ASK2" instantiated altera_merlin_traffic_limiter "limiter"
Info: rst_controller: "cpu_ASK2" instantiated altera_reset_controller "rst_controller"
Info: cmd_xbar_demux: "cpu_ASK2" instantiated altera_merlin_demultiplexer "cmd_xbar_demux"
Info: cmd_xbar_demux_001: "cpu_ASK2" instantiated altera_merlin_demultiplexer "cmd_xbar_demux_001"
Info: cmd_xbar_mux: "cpu_ASK2" instantiated altera_merlin_multiplexer "cmd_xbar_mux"
Info: rsp_xbar_demux: "cpu_ASK2" instantiated altera_merlin_demultiplexer "rsp_xbar_demux"
Info: rsp_xbar_demux_002: "cpu_ASK2" instantiated altera_merlin_demultiplexer "rsp_xbar_demux_002"
Info: rsp_xbar_mux: "cpu_ASK2" instantiated altera_merlin_multiplexer "rsp_xbar_mux"
Info: Reusing file D:/work/RADIONIX/KOORDINATOR/ALTERA_13/Controller_ASK2/Nios_cpu/cpu_ASK2/synthesis/submodules/altera_merlin_arbitrator.sv
Info: rsp_xbar_mux_001: "cpu_ASK2" instantiated altera_merlin_multiplexer "rsp_xbar_mux_001"
Info: Reusing file D:/work/RADIONIX/KOORDINATOR/ALTERA_13/Controller_ASK2/Nios_cpu/cpu_ASK2/synthesis/submodules/altera_merlin_arbitrator.sv
Info: irq_mapper: "cpu_ASK2" instantiated altera_irq_mapper "irq_mapper"
Info: cpu_ASK2: Done cpu_ASK2" with 23 modules, 58 files, 1122218 bytes
Info: ip-generate succeeded.
Info: Finished: Create HDL design files for synthesis
