
**** Build of configuration Nios II for project ASK2 ****

make all 
Info: Building ../ASK2_bsp
make --no-print-directory -C ../ASK2_bsp
[BSP build complete]
Info: Compiling ACK2_main.c to obj/default/ACK2_main.o
nios2-elf-gcc -xc -MP -MMD -c -I../ASK2_bsp/HAL/inc -I../ASK2_bsp -I../ASK2_bsp/drivers/inc  -DSYSTEM_BUS_WIDTH=32 -pipe -D__hal__ -DALT_NO_C_PLUS_PLUS -DALT_NO_CLEAN_EXIT -DALT_NO_EXIT -DALT_USE_DIRECT_DRIVERS -DALT_NO_INSTRUCTION_EMULATION -DALT_USE_SMALL_DRIVERS -DSMALL_C_LIB -DALT_SINGLE_THREADED    -Os -g -Wall   -EL -mno-hw-div -mhw-mul -mno-hw-mulx  -o obj/default/ACK2_main.o ACK2_main.c
ACK2_main.c: In function 'main':
ACK2_main.c:101: warning: implicit declaration of function 'getchar'
ACK2_main.c:28: warning: unused variable 'Current_temp'
ACK2_main.c:27: warning: unused variable 'k'
ACK2_main.c:25: warning: unused variable 'resolver_angle'
ACK2_main.c:24: warning: unused variable 'fault_reg'
Info: Compiling ANGLE_SETTING.c to obj/default/ANGLE_SETTING.o
ANGLE_SETTING.c: In function 'ANGLE_SETTING':
nios2-elf-gcc -xc -MP -MMD -c -I../ASK2_bsp/HAL/inc -I../ASK2_bsp -I../ASK2_bsp/drivers/inc  -DSYSTEM_BUS_WIDTH=32 -pipe -D__hal__ -DALT_NO_C_PLUS_PLUS -DALT_NO_CLEAN_EXIT -DALT_NO_EXIT -DALT_USE_DIRECT_DRIVERS -DALT_NO_INSTRUCTION_EMULATION -DALT_USE_SMALL_DRIVERS -DSMALL_C_LIB -DALT_SINGLE_THREADED    -Os -g -Wall   -EL -mno-hw-div -mhw-mul -mno-hw-mulx  -o obj/default/ANGLE_SETTING.o ANGLE_SETTING.c
ANGLE_SETTING.c:21: warning: unused variable 'resolver_angle'
Info: Compiling LCD.c to obj/default/LCD.o
nios2-elf-gcc -xc -MP -MMD -c -I../ASK2_bsp/HAL/inc -I../ASK2_bsp -I../ASK2_bsp/drivers/inc  -DSYSTEM_BUS_WIDTH=32 -pipe -D__hal__ -DALT_NO_C_PLUS_PLUS -DALT_NO_CLEAN_EXIT -DALT_NO_EXIT -DALT_USE_DIRECT_DRIVERS -DALT_NO_INSTRUCTION_EMULATION -DALT_USE_SMALL_DRIVERS -DSMALL_C_LIB -DALT_SINGLE_THREADED    -Os -g -Wall   -EL -mno-hw-div -mhw-mul -mno-hw-mulx  -o obj/default/LCD.o LCD.c
Info: Compiling SETTING.c to obj/default/SETTING.o
nios2-elf-gcc -xc -MP -MMD -c -I../ASK2_bsp/HAL/inc -I../ASK2_bsp -I../ASK2_bsp/drivers/inc  -DSYSTEM_BUS_WIDTH=32 -pipe -D__hal__ -DALT_NO_C_PLUS_PLUS -DALT_NO_CLEAN_EXIT -DALT_NO_EXIT -DALT_USE_DIRECT_DRIVERS -DALT_NO_INSTRUCTION_EMULATION -DALT_USE_SMALL_DRIVERS -DSMALL_C_LIB -DALT_SINGLE_THREADED    -Os -g -Wall   -EL -mno-hw-div -mhw-mul -mno-hw-mulx  -o obj/default/SETTING.o SETTING.c
Info: Compiling resolver.c to obj/default/resolver.o
nios2-elf-gcc -xc -MP -MMD -c -I../ASK2_bsp/HAL/inc -I../ASK2_bsp -I../ASK2_bsp/drivers/inc  -DSYSTEM_BUS_WIDTH=32 -pipe -D__hal__ -DALT_NO_C_PLUS_PLUS -DALT_NO_CLEAN_EXIT -DALT_NO_EXIT -DALT_USE_DIRECT_DRIVERS -DALT_NO_INSTRUCTION_EMULATION -DALT_USE_SMALL_DRIVERS -DSMALL_C_LIB -DALT_SINGLE_THREADED    -Os -g -Wall   -EL -mno-hw-div -mhw-mul -mno-hw-mulx  -o obj/default/resolver.o resolver.c
Info: Linking ASK2.elf
nios2-elf-g++  -T'../ASK2_bsp/linker.x' -msys-crt0='../ASK2_bsp/obj/HAL/src/crt0.o' -msys-lib=hal_bsp -L../ASK2_bsp  -Wl,--defsym,exit=_exit -msmallc  -Wl,-Map=ASK2.map   -Os -g -Wall   -EL -mno-hw-div -mhw-mul -mno-hw-mulx  -o ASK2.elf obj/default/ACK2_main.o obj/default/ANGLE_SETTING.o obj/default/LCD.o obj/default/SETTING.o obj/default/resolver.o -lm 
nios2-elf-insert ASK2.elf --thread_model hal --cpu_name nios2_qsys_0 --qsys true --simulation_enabled false --id 21 --sidp 0x50e0 --timestamp 1526990665 --stderr_dev jtag_uart_0 --stdin_dev jtag_uart_0 --stdout_dev jtag_uart_0 --sopc_system_name cpu_ASK2 --quartus_project_dir "D:/work/RADIONIX/KOORDINATOR/ALTERA_13/Controller_ASK2" --sopcinfo D:/work/RADIONIX/KOORDINATOR/ALTERA_13/Controller_ASK2/cpu_ASK2.sopcinfo
Info: (ASK2.elf) 3816 Bytes program size (code + initialized data).
Info:            4276 Bytes free for stack + heap.
Info: Creating ASK2.objdump
nios2-elf-objdump --disassemble --syms --all-header --source ASK2.elf >ASK2.objdump
[ASK2 build complete]

**** Build Finished ****

**** Build of configuration Nios II for project ASK2 ****

make all 
Info: Building ../ASK2_bsp
make --no-print-directory -C ../ASK2_bsp
[BSP build complete]
[ASK2 build complete]

**** Build Finished ****

**** Build of configuration Nios II for project ASK2 ****

make all 
Info: Building ../ASK2_bsp
make --no-print-directory -C ../ASK2_bsp
[BSP build complete]
[ASK2 build complete]

**** Build Finished ****

**** Build of configuration Nios II for project ASK2 ****

make all 
Info: Building ../ASK2_bsp
make --no-print-directory -C ../ASK2_bsp
[BSP build complete]
[ASK2 build complete]

**** Build Finished ****

**** Build of configuration Nios II for project ASK2 ****

make all 
Info: Building ../ASK2_bsp
make --no-print-directory -C ../ASK2_bsp
[BSP build complete]
[ASK2 build complete]

**** Build Finished ****
