Flow report for PWM_ver
Thu May 03 16:35:06 2018
Quartus II 64-Bit Version 13.0.0 Build 156 04/24/2013 SJ Full Version


---------------------
; Table of Contents ;
---------------------
  1. Legal Notice
  2. Flow Summary
  3. Flow Settings
  4. Flow Non-Default Global Settings
  5. Flow Elapsed Time
  6. Flow OS Summary
  7. Flow Log
  8. Flow Messages
  9. Flow Suppressed Messages



----------------
; Legal Notice ;
----------------
Copyright (C) 1991-2013 Altera Corporation
Your use of Altera Corporation's design tools, logic functions 
and other software and tools, and its AMPP partner logic 
functions, and any output files from any of the foregoing 
(including device programming or simulation files), and any 
associated documentation or information are expressly subject 
to the terms and conditions of the Altera Program License 
Subscription Agreement, Altera MegaCore Function License 
Agreement, or other applicable license agreement, including, 
without limitation, that your use is for the sole purpose of 
programming logic devices manufactured by Altera and sold by 
Altera or its authorized distributors.  Please refer to the 
applicable agreement for further details.



+----------------------------------------------------------------------------------+
; Flow Summary                                                                     ;
+------------------------------------+---------------------------------------------+
; Flow Status                        ; Successful - Thu May 03 16:35:06 2018       ;
; Quartus II 64-Bit Version          ; 13.0.0 Build 156 04/24/2013 SJ Full Version ;
; Revision Name                      ; PWM_ver                                     ;
; Top-level Entity Name              ; pwm_ver                                     ;
; Family                             ; Cyclone III                                 ;
; Device                             ; EP3C5E144C7                                 ;
; Timing Models                      ; Final                                       ;
; Total logic elements               ; 87 / 5,136 ( 2 % )                          ;
;     Total combinational functions  ; 71 / 5,136 ( 1 % )                          ;
;     Dedicated logic registers      ; 40 / 5,136 ( < 1 % )                        ;
; Total registers                    ; 40                                          ;
; Total pins                         ; 60 / 95 ( 63 % )                            ;
; Total virtual pins                 ; 0                                           ;
; Total memory bits                  ; 0 / 423,936 ( 0 % )                         ;
; Embedded Multiplier 9-bit elements ; 0 / 46 ( 0 % )                              ;
; Total PLLs                         ; 0 / 2 ( 0 % )                               ;
+------------------------------------+---------------------------------------------+


+-----------------------------------------+
; Flow Settings                           ;
+-------------------+---------------------+
; Option            ; Setting             ;
+-------------------+---------------------+
; Start date & time ; 05/03/2018 16:34:55 ;
; Main task         ; Compilation         ;
; Revision Name     ; PWM_ver             ;
+-------------------+---------------------+


+--------------------------------------------------------------------------------------------------------------------------------------------------------------------+
; Flow Non-Default Global Settings                                                                                                                                   ;
+------------------------------------------------+--------------------------------------------------------------------+---------------+-------------+----------------+
; Assignment Name                                ; Value                                                              ; Default Value ; Entity Name ; Section Id     ;
+------------------------------------------------+--------------------------------------------------------------------+---------------+-------------+----------------+
; COMPILER_SIGNATURE_ID                          ; 53447168884853.152535449506252                                     ; --            ; --          ; --             ;
; EDA_DESIGN_INSTANCE_NAME                       ; NA                                                                 ; --            ; --          ; test           ;
; EDA_NATIVELINK_SIMULATION_TEST_BENCH           ; test                                                               ; --            ; --          ; eda_simulation ;
; EDA_OUTPUT_DATA_FORMAT                         ; Verilog Hdl                                                        ; --            ; --          ; eda_simulation ;
; EDA_SIMULATION_TOOL                            ; ModelSim-Altera (Verilog)                                          ; <None>        ; --          ; --             ;
; EDA_TEST_BENCH_ENABLE_STATUS                   ; TEST_BENCH_MODE                                                    ; --            ; --          ; eda_simulation ;
; EDA_TEST_BENCH_FILE                            ; simulation/modelsim/pwm_ver.vt                                     ; --            ; --          ; test           ;
; EDA_TEST_BENCH_MODULE_NAME                     ; pwm_ver_vlg_ts                                                     ; --            ; --          ; test           ;
; EDA_TEST_BENCH_NAME                            ; test                                                               ; --            ; --          ; eda_simulation ;
; EDA_TIME_SCALE                                 ; 1 ps                                                               ; --            ; --          ; eda_simulation ;
; EDA_USER_COMPILED_SIMULATION_LIBRARY_DIRECTORY ; D:\work\RADIONIX\KOORDINATOR\ALTERA_13\PWM_ver\simulation\modelsim ; --            ; --          ; eda_simulation ;
; MAX_CORE_JUNCTION_TEMP                         ; 85                                                                 ; --            ; --          ; --             ;
; MIN_CORE_JUNCTION_TEMP                         ; 0                                                                  ; --            ; --          ; --             ;
; NOMINAL_CORE_SUPPLY_VOLTAGE                    ; 1.2V                                                               ; --            ; --          ; --             ;
; PARTITION_COLOR                                ; 16764057                                                           ; --            ; pwm_ver     ; Top            ;
; PARTITION_FITTER_PRESERVATION_LEVEL            ; PLACEMENT_AND_ROUTING                                              ; --            ; pwm_ver     ; Top            ;
; PARTITION_NETLIST_TYPE                         ; SOURCE                                                             ; --            ; pwm_ver     ; Top            ;
; POWER_BOARD_THERMAL_MODEL                      ; None (CONSERVATIVE)                                                ; --            ; --          ; --             ;
; POWER_PRESET_COOLING_SOLUTION                  ; 23 MM HEAT SINK WITH 200 LFPM AIRFLOW                              ; --            ; --          ; --             ;
; PROJECT_OUTPUT_DIRECTORY                       ; output_files                                                       ; --            ; --          ; --             ;
+------------------------------------------------+--------------------------------------------------------------------+---------------+-------------+----------------+


+-------------------------------------------------------------------------------------------------------------------------------+
; Flow Elapsed Time                                                                                                             ;
+---------------------------+--------------+-------------------------+---------------------+------------------------------------+
; Module Name               ; Elapsed Time ; Average Processors Used ; Peak Virtual Memory ; Total CPU Time (on all processors) ;
+---------------------------+--------------+-------------------------+---------------------+------------------------------------+
; Analysis & Synthesis      ; 00:00:01     ; 1.0                     ; 514 MB              ; 00:00:01                           ;
; Fitter                    ; 00:00:05     ; 4.5                     ; 1562 MB             ; 00:00:07                           ;
; Assembler                 ; 00:00:01     ; 1.0                     ; 438 MB              ; 00:00:01                           ;
; TimeQuest Timing Analyzer ; 00:00:02     ; 4.0                     ; 549 MB              ; 00:00:01                           ;
; EDA Netlist Writer        ; 00:00:01     ; 1.0                     ; 405 MB              ; 00:00:01                           ;
; Total                     ; 00:00:10     ; --                      ; --                  ; 00:00:11                           ;
+---------------------------+--------------+-------------------------+---------------------+------------------------------------+


+----------------------------------------------------------------------------------------+
; Flow OS Summary                                                                        ;
+---------------------------+------------------+-----------+------------+----------------+
; Module Name               ; Machine Hostname ; OS Name   ; OS Version ; Processor type ;
+---------------------------+------------------+-----------+------------+----------------+
; Analysis & Synthesis      ; KMD-ILNITSKA-LL  ; Windows 7 ; 6.2        ; x86_64         ;
; Fitter                    ; KMD-ILNITSKA-LL  ; Windows 7 ; 6.2        ; x86_64         ;
; Assembler                 ; KMD-ILNITSKA-LL  ; Windows 7 ; 6.2        ; x86_64         ;
; TimeQuest Timing Analyzer ; KMD-ILNITSKA-LL  ; Windows 7 ; 6.2        ; x86_64         ;
; EDA Netlist Writer        ; KMD-ILNITSKA-LL  ; Windows 7 ; 6.2        ; x86_64         ;
+---------------------------+------------------+-----------+------------+----------------+


------------
; Flow Log ;
------------
quartus_map --read_settings_files=on --write_settings_files=off PWM_ver -c PWM_ver
quartus_fit --read_settings_files=off --write_settings_files=off PWM_ver -c PWM_ver
quartus_asm --read_settings_files=off --write_settings_files=off PWM_ver -c PWM_ver
quartus_sta PWM_ver -c PWM_ver
quartus_eda --read_settings_files=off --write_settings_files=off PWM_ver -c PWM_ver



