Added Pin To Net: NetName=P\W\M\ Pin=XP3-1
Added Pin To Net: NetName=PWM Pin=XP13-1
Added Member To Class: ClassName=Sheet1 Member=Component C50 0.1mkF
Added Member To Class: ClassName=Sheet1 Member=Component C51 0.1mkF
Added Member To Class: ClassName=Sheet1 Member=Component C52 0.1mkF
Added Member To Class: ClassName=Sheet1 Member=Component C53 0.1mkF
Added Member To Class: ClassName=Sheet1 Member=Component C54 68pF
Added Member To Class: ClassName=Sheet1 Member=Component C55 68pF
Added Member To Class: ClassName=Sheet1 Member=Component C56 0.1mkF
Added Member To Class: ClassName=Sheet1 Member=Component C57 68pF
Added Member To Class: ClassName=Sheet1 Member=Component C58 0.1mkF
Added Member To Class: ClassName=Sheet1 Member=Component C59 0.1mkF
Added Member To Class: ClassName=Sheet1 Member=Component C60 0.1mkF
Added Member To Class: ClassName=Sheet1 Member=Component C61 68pF
Added Member To Class: ClassName=Sheet1 Member=Component C62 10mkF
Added Member To Class: ClassName=Sheet1 Member=Component C63 0.1mkF
Added Member To Class: ClassName=Sheet1 Member=Component C64 0.1mkF
Added Member To Class: ClassName=Sheet1 Member=Component C65 0.1mkF
Added Member To Class: ClassName=Sheet1 Member=Component C66 1.8nF
Added Member To Class: ClassName=Sheet1 Member=Component C67 1.8nF
Added Member To Class: ClassName=Sheet1 Member=Component C68 0.1mkF
Added Member To Class: ClassName=Sheet1 Member=Component C69 0.1mkF
Added Member To Class: ClassName=Sheet1 Member=Component C70 0.1mkF
Added Member To Class: ClassName=Sheet1 Member=Component DA3 THS4130IDGK (MSOP8)
Added Member To Class: ClassName=Sheet1 Member=Component DA4 AD7687BRMZ
Added Member To Class: ClassName=Sheet1 Member=Component DD5 FIN1001M5X
Added Member To Class: ClassName=Sheet1 Member=Component DD6 FIN1001M5X
Added Member To Class: ClassName=Sheet1 Member=Component DD7 FIN1001M5X
Added Member To Class: ClassName=Sheet1 Member=Component R40 100K
Added Member To Class: ClassName=Sheet1 Member=Component R41 100K
Added Member To Class: ClassName=Sheet1 Member=Component R42 1K
Added Member To Class: ClassName=Sheet1 Member=Component R43 1K
Added Member To Class: ClassName=Sheet1 Member=Component R44 100K
Added Member To Class: ClassName=Sheet1 Member=Component R45 1K
Added Member To Class: ClassName=Sheet1 Member=Component R46 51.1K
Added Member To Class: ClassName=Sheet1 Member=Component R47 51.1K
Added Member To Class: ClassName=Sheet1 Member=Component R48 11.3K
Added Member To Class: ClassName=Sheet1 Member=Component R49 11.3K
Added Member To Class: ClassName=Sheet1 Member=Component R50 24.3K
Added Member To Class: ClassName=Sheet1 Member=Component R51 24.3K
Added Member To Class: ClassName=Sheet1 Member=Component R52 100K
Added Member To Class: ClassName=Sheet1 Member=Component R53 100K
Added Member To Class: ClassName=Sheet1 Member=Component R54 1K
Added Member To Class: ClassName=Sheet1 Member=Component R55 1K
Added Member To Class: ClassName=Sheet1 Member=Component R56 100K
Added Member To Class: ClassName=Sheet1 Member=Component R57 1K
Added Member To Class: ClassName=Sheet1 Member=Component R58 27
Added Member To Class: ClassName=Sheet1 Member=Component R59 27
Added Member To Class: ClassName=Sheet1 Member=Component R60 27
Added Member To Class: ClassName=Sheet1 Member=Component R61 47
Added Member To Class: ClassName=Sheet1 Member=Component R62 47
Added Member To Class: ClassName=Sheet1 Member=Component R63 47
Added Member To Class: ClassName=Sheet1 Member=Component R64 47
Added Member To Class: ClassName=Sheet1 Member=Component R65 100
Added Member To Class: ClassName=Sheet1 Member=Component R66 100
Added Member To Class: ClassName=Sheet1 Member=Component R67 100
Added Member To Class: ClassName=Sheet1 Member=Component VT1 BC846B
Added Member To Class: ClassName=Sheet1 Member=Component VT2 BC846B
Added Member To Class: ClassName=Sheet1 Member=Component XP3 DB_15
Added Member To Class: ClassName=Sheet1 Member=Component XP4 M20-9770242
Added Member To Class: ClassName=Sheet1 Member=Component XP5 M20-9770242
Added Member To Class: ClassName=Sheet1 Member=Component XP6 M20-9770242
Added Member To Class: ClassName=Sheet1 Member=Component XP7 M20-9770242
Added Member To Class: ClassName=Sheet1 Member=Component XP8 M20-9770242
Added Member To Class: ClassName=Sheet1 Member=Component XP9 M20-9770242
Added Member To Class: ClassName=Sheet1 Member=Component XP10 M20-9770242
Added Member To Class: ClassName=Sheet1 Member=Component XP11 M20-9770242
