Added Pin To Net: NetName=PWM Pin=XP3-1
Added Pin To Net: NetName=P\W\M\ Pin=XP13-1
Added Member To Class: ClassName=Sheet1 Member=Component C71 10mkF
Added Member To Class: ClassName=Sheet1 Member=Component C72 10mkF
Added Member To Class: ClassName=Sheet1 Member=Component C73 0.1mkF
Added Member To Class: ClassName=Sheet1 Member=Component C74 0.1mkF
Added Member To Class: ClassName=Sheet1 Member=Component C75 0.1mkF
Added Member To Class: ClassName=Sheet1 Member=Component C76 0.1mkF
Added Member To Class: ClassName=Sheet1 Member=Component C77 0.1mkF
Added Member To Class: ClassName=Sheet1 Member=Component C78 0.1mkF
Added Member To Class: ClassName=Sheet1 Member=Component C79 0.1mkF
Added Member To Class: ClassName=Sheet1 Member=Component C80 0.1mkF
Added Member To Class: ClassName=Sheet1 Member=Component C81 10mkF
Added Member To Class: ClassName=Sheet1 Member=Component C82 10mkF
Added Member To Class: ClassName=Sheet1 Member=Component C83 10mkF
Added Member To Class: ClassName=Sheet1 Member=Component C84 220pF
Added Member To Class: ClassName=Sheet1 Member=Component C85 0.1mkF
Added Member To Class: ClassName=Sheet1 Member=Component C86 220pF
Added Member To Class: ClassName=Sheet1 Member=Component C87 10mkF
Added Member To Class: ClassName=Sheet1 Member=Component C88 10mkF
Added Member To Class: ClassName=Sheet1 Member=Component C89 0.1mkF
Added Member To Class: ClassName=Sheet1 Member=Component C90 0.1mkF
Added Member To Class: ClassName=Sheet1 Member=Component C91 10mkF
Added Member To Class: ClassName=Sheet1 Member=Component C92 10mkF
Added Member To Class: ClassName=Sheet1 Member=Component DA5 TPS62000DGS_VSSOP10
Added Member To Class: ClassName=Sheet1 Member=Component DA6 TPS79325-Q1_SOT-23-5L
Added Member To Class: ClassName=Sheet1 Member=Component DA7 TPS62000DGS_VSSOP10
Added Member To Class: ClassName=Sheet1 Member=Component L1 L_22mkH_1210R-223H-ND
Added Member To Class: ClassName=Sheet1 Member=Component L2 L_22mkH_1210R-223H-ND
Added Member To Class: ClassName=Sheet1 Member=Component R68 47K
Added Member To Class: ClassName=Sheet1 Member=Component R69 15K
Added Member To Class: ClassName=Sheet1 Member=Component R70 15K
Added Member To Class: ClassName=Sheet1 Member=Component R71 95.3K
Added Member To Class: ClassName=Sheet1 Member=Component R72 95.3K
Added Member To Class: ClassName=Sheet1 Member=Component R73 0
Added Member To Class: ClassName=Sheet1 Member=Component R74 0
Added Member To Class: ClassName=Sheet1 Member=Component R75 0
Added Member To Class: ClassName=Sheet1 Member=Component XP12 M80-5101042
