Added Pin To Net: NetName=PWM Pin=XP3-1
Change Class Name : Old Net Name=Sheet2 New Net Name=Sheet1
Added Member To Class: ClassName=Sheet1 Member=Component C1 0.1mkF
Added Member To Class: ClassName=Sheet1 Member=Component C2 0.1mkF
Added Member To Class: ClassName=Sheet1 Member=Component C3 0.1mkF
Added Member To Class: ClassName=Sheet1 Member=Component C4 10mkF
Added Member To Class: ClassName=Sheet1 Member=Component C5 0.1mkF
Added Member To Class: ClassName=Sheet1 Member=Component C6 0.1mkF
Added Member To Class: ClassName=Sheet1 Member=Component C7 68pF
Added Member To Class: ClassName=Sheet1 Member=Component C8 68pF
Added Member To Class: ClassName=Sheet1 Member=Component C9 0.1mkF
Added Member To Class: ClassName=Sheet1 Member=Component C10 10mkF
Added Member To Class: ClassName=Sheet1 Member=Component C11 0.1mkF
Added Member To Class: ClassName=Sheet1 Member=Component DA1 AD2S1210_QFP-48 0.5MM/WG9
Added Member To Class: ClassName=Sheet1 Member=Component DA2 THS4130IDGK (MSOP8)
Added Member To Class: ClassName=Sheet1 Member=Component DD1 NHD-0420AZ-FL-YBW-33V3
Added Member To Class: ClassName=Sheet1 Member=Component R1 10K
Added Member To Class: ClassName=Sheet1 Member=Component R2 10K
Added Member To Class: ClassName=Sheet1 Member=Component R3 27
Added Member To Class: ClassName=Sheet1 Member=Component R4 51.1K
Added Member To Class: ClassName=Sheet1 Member=Component R5 51.1K
Added Member To Class: ClassName=Sheet1 Member=Component R6 51.1K
Added Member To Class: ClassName=Sheet1 Member=Component R7 51.1K
Added Member To Class: ClassName=Sheet1 Member=Component R8 11.3K
Added Member To Class: ClassName=Sheet1 Member=Component R9 11.3K
Added Member To Class: ClassName=Sheet1 Member=Component R10 27
Added Member To Class: ClassName=Sheet1 Member=Component R11 27
Added Member To Class: ClassName=Sheet1 Member=Component R12 27
Added Member To Class: ClassName=Sheet1 Member=Component R13 27
Added Member To Class: ClassName=Sheet1 Member=Component R14 27
Added Member To Class: ClassName=Sheet1 Member=Component R15 27
Added Member To Class: ClassName=Sheet1 Member=Component R16 27
Added Member To Class: ClassName=Sheet1 Member=Component R17 27
Added Member To Class: ClassName=Sheet1 Member=Component R18 27
Added Member To Class: ClassName=Sheet1 Member=Component R19 27
Added Member To Class: ClassName=Sheet1 Member=Component R20 27
Added Member To Class: ClassName=Sheet1 Member=Component R21 27
Added Member To Class: ClassName=Sheet1 Member=Component R22 24.3K
Added Member To Class: ClassName=Sheet1 Member=Component R23 24.3K
Added Member To Class: ClassName=Sheet1 Member=Component R24 27
Added Member To Class: ClassName=Sheet1 Member=Component R25 27
Added Member To Class: ClassName=Sheet1 Member=Component RP1 10k
Added Member To Class: ClassName=Sheet1 Member=Component XP1 A-DF 09 A/KG-T2S
