Removed Pin From Net: NetName=GND Pin=C62-2
Removed Pin From Net: NetName=P\W\M\ Pin=XP11-2
Change Component Designator: OldDesignator=C79 NewDesignator=C80
Change Component Designator: OldDesignator=C80 NewDesignator=C79
Change Component Designator: OldDesignator=C82 NewDesignator=C83
Change Component Designator: OldDesignator=C83 NewDesignator=C82
Change Component Designator: OldDesignator=C91 NewDesignator=C92
Change Component Designator: OldDesignator=C92 NewDesignator=C91
Change Component Designator: OldDesignator=XP3 NewDesignator=XP4
Change Component Designator: OldDesignator=XP4 NewDesignator=XP5
Change Component Designator: OldDesignator=XP5 NewDesignator=XP6
Change Component Designator: OldDesignator=XP6 NewDesignator=XP7
Change Component Designator: OldDesignator=XP7 NewDesignator=XP8
Change Component Designator: OldDesignator=XP8 NewDesignator=XP9
Change Component Designator: OldDesignator=XP9 NewDesignator=XP10
Change Component Designator: OldDesignator=XP10 NewDesignator=XP11
Change Component Designator: OldDesignator=XP11 NewDesignator=XP3
Added Component: Designator=DD1(NHD-0420AZ-FL-YBW-33V3-ND)
Add component. Clean all parameters for all variants
Added Pin To Net: NetName=GND Pin=DD1-1
Added Pin To Net: NetName=+3.3V Pin=DD1-2
Added Pin To Net: NetName=NetDD1_3 Pin=DD1-3
Added Pin To Net: NetName=NetDD1_4 Pin=DD1-4
Added Pin To Net: NetName=NetDD1_5 Pin=DD1-5
Added Pin To Net: NetName=NetDD1_6 Pin=DD1-6
Added Pin To Net: NetName=NetDD1_7 Pin=DD1-7
Added Pin To Net: NetName=NetDD1_8 Pin=DD1-8
Added Pin To Net: NetName=NetDD1_9 Pin=DD1-9
Added Pin To Net: NetName=NetDD1_10 Pin=DD1-10
Added Pin To Net: NetName=NetDD1_11 Pin=DD1-11
Added Pin To Net: NetName=NetDD1_12 Pin=DD1-12
Added Pin To Net: NetName=NetDD1_13 Pin=DD1-13
Added Pin To Net: NetName=NetDD1_14 Pin=DD1-14
Added Pin To Net: NetName=NetDD1_15 Pin=DD1-15
Added Pin To Net: NetName=GND Pin=DD1-16
Added Pin To Net: NetName=P\W\M\ Pin=XP3-1
Added Member To Class: ClassName=Sheet1 Member=Component DD1 NHD-0420AZ-FL-YBW-33V3
