Removed Pin From Net: NetName=GND Pin=C21-2
Removed Pin From Net: NetName=+3.3V Pin=RP1-2
Removed Pin From Net: NetName=P\W\M\ Pin=XP1-2
Change Component Designator: OldDesignator=C76 NewDesignator=C92
Change Component Designator: OldDesignator=C77 NewDesignator=C91
Change Component Designator: OldDesignator=C78 NewDesignator=C76
Change Component Designator: OldDesignator=C79 NewDesignator=C77
Change Component Designator: OldDesignator=C80 NewDesignator=C78
Change Component Designator: OldDesignator=C81 NewDesignator=C90
Change Component Designator: OldDesignator=C82 NewDesignator=C79
Change Component Designator: OldDesignator=C83 NewDesignator=C89
Change Component Designator: OldDesignator=C84 NewDesignator=C80
Change Component Designator: OldDesignator=C85 NewDesignator=C81
Change Component Designator: OldDesignator=C86 NewDesignator=C82
Change Component Designator: OldDesignator=C87 NewDesignator=C83
Change Component Designator: OldDesignator=C88 NewDesignator=C84
Change Component Designator: OldDesignator=C89 NewDesignator=C85
Change Component Designator: OldDesignator=C90 NewDesignator=C86
Change Component Designator: OldDesignator=C91 NewDesignator=C87
Change Component Designator: OldDesignator=C92 NewDesignator=C88
Added Pin To Net: NetName=P\W\M\ Pin=XP1-1
Change Net Name : Old Net Name=NetC80_2 New Net Name=NetC78_2
Change Net Name : Old Net Name=NetC84_1 New Net Name=NetC80_1
Change Net Name : Old Net Name=NetC84_2 New Net Name=NetC80_2
Change Net Name : Old Net Name=NetC86_1 New Net Name=NetC82_1
Change Net Name : Old Net Name=NetC86_2 New Net Name=NetC82_2
Added Member To Class: ClassName=Sheet1 Member=Component C16 0.1mkF
Added Member To Class: ClassName=Sheet1 Member=Component C17 68pF
Added Member To Class: ClassName=Sheet1 Member=Component C29 0.1mkF
Added Member To Class: ClassName=Sheet1 Member=Component C52 10mkF
Added Member To Class: ClassName=Sheet1 Member=Component C53 0.1mkF
Added Member To Class: ClassName=Sheet1 Member=Component C54 0.1mkF
Added Member To Class: ClassName=Sheet1 Member=Component C56 0.1mkF
Added Member To Class: ClassName=Sheet1 Member=Component C57 0.1mkF
Added Member To Class: ClassName=Sheet1 Member=Component C58 0.1mkF
Added Member To Class: ClassName=Sheet1 Member=Component C60 0.1mkF
Added Member To Class: ClassName=Sheet1 Member=Component C61 0.1mkF
Added Member To Class: ClassName=Sheet1 Member=Component C62 0.1mkF
Added Member To Class: ClassName=Sheet1 Member=Component C63 0.1mkF
Added Member To Class: ClassName=Sheet1 Member=Component C64 10mkF
Added Member To Class: ClassName=Sheet1 Member=Component C65 0.1mkF
Added Member To Class: ClassName=Sheet1 Member=Component C66 0.1mkF
Added Member To Class: ClassName=Sheet1 Member=Component C67 0.1mkF
Added Member To Class: ClassName=Sheet1 Member=Component C68 0.1mkF
Added Member To Class: ClassName=Sheet1 Member=Component C69 0.1mkF
Added Member To Class: ClassName=Sheet1 Member=Component C70 0.1mkF
Added Member To Class: ClassName=Sheet1 Member=Component R23 1K
Added Member To Class: ClassName=Sheet1 Member=Component R52 100
Added Member To Class: ClassName=Sheet1 Member=Component R55 47K
Added Member To Class: ClassName=Sheet1 Member=Component R56 10k
Added Member To Class: ClassName=Sheet1 Member=Component R58 10k
Added Member To Class: ClassName=Sheet1 Member=Component R59 10k
Added Member To Class: ClassName=Sheet1 Member=Component R60 15K
Added Member To Class: ClassName=Sheet1 Member=Component R62 10k
Added Member To Class: ClassName=Sheet1 Member=Component R64 10k
Added Member To Class: ClassName=Sheet1 Member=Component R65 10k
Added Member To Class: ClassName=Sheet1 Member=Component R67 95.3K
Added Member To Class: ClassName=Sheet1 Member=Component R68 10k
Added Room: Name=Sheet1
